<?xml version="1.0" encoding="UTF-8"?>
<testng-results skipped="0" failed="0" total="1" passed="1">
  <reporter-output>
  </reporter-output>
  <suite name="Default suite" duration-ms="16373" started-at="2020-06-02T07:40:03Z" finished-at="2020-06-02T07:40:19Z">
    <groups>
    </groups>
    <test name="Default test" duration-ms="16373" started-at="2020-06-02T07:40:03Z" finished-at="2020-06-02T07:40:19Z">
      <class name="com.accenture.selenium.NewTest01">
        <test-method status="PASS" signature="launchBrowser()[pri:0, instance:com.accenture.selenium.NewTest01@3ab39c39]" name="launchBrowser" duration-ms="16356" started-at="2020-06-02T13:10:03Z" finished-at="2020-06-02T13:10:19Z">
          <reporter-output>
          </reporter-output>
        </test-method> <!-- launchBrowser -->
      </class> <!-- com.accenture.selenium.NewTest01 -->
    </test> <!-- Default test -->
  </suite> <!-- Default suite -->
</testng-results>
